<?xml version="1.0" encoding="UTF-8"?>
<!-- Generated by org.testng.reporters.JUnitReportReporter -->
<testsuite hostname="LAPTOP-2L6565SM" failures="0" tests="2" name="WestpacProject.BuggyCarsTesting.uservote" time="1.295" errors="0" timestamp="2022-04-25T20:00:34 NZST" skipped="0">
  <testcase classname="WestpacProject.BuggyCarsTesting.uservote" name="test_login" time="0.262"/>
  <system-out/>
  <testcase classname="WestpacProject.BuggyCarsTesting.uservote" name="userchoose" time="1.033"/>
  <system-out/>
</testsuite> <!-- WestpacProject.BuggyCarsTesting.uservote -->
