<?xml version="1.0" encoding="UTF-8"?>
<!-- Generated by org.testng.reporters.JUnitReportReporter -->
<testsuite hostname="LAPTOP-2L6565SM" failures="0" tests="1" name="WestpacProject.BuggyCarsTesting.Login" time="0.990" errors="0" timestamp="2022-04-25T20:22:17 NZST" skipped="0">
  <testcase classname="WestpacProject.BuggyCarsTesting.Login" name="test_login" time="0.990"/>
  <system-out/>
</testsuite> <!-- WestpacProject.BuggyCarsTesting.Login -->
